Using pre-set license
Built from '2022.3/staging' branch; Version is '2022.3.52f1 (1120fcb54228) revision 1122556'; Using compiler version '192829333'; Build Type 'Release'
OS: 'Windows 10  (10.0.19045) 64bit Core' Language: 'fr' Physical Memory: 32664 MB
BatchMode: 1, IsHumanControllingUs: 0, StartBugReporterOnCrash: 0, Is64bit: 1, IsPro: 1

COMMAND LINE ARGUMENTS:
D:\Unity\2022.3.52f1\Editor\Unity.exe
-adb2
-batchMode
-noUpm
-name
AssetImportWorker1
-projectPath
C:/Users/Adrien/Desktop/A-Bullet-for-One-of-Us/ABulletForOneOfUs
-logFile
Logs/AssetImportWorker1.log
-srvPort
14529
Successfully changed project path to: C:/Users/Adrien/Desktop/A-Bullet-for-One-of-Us/ABulletForOneOfUs
C:/Users/Adrien/Desktop/A-Bullet-for-One-of-Us/ABulletForOneOfUs
[UnityMemory] Configuration Parameters - Can be set up in boot.config
    "memorysetup-bucket-allocator-granularity=16"
    "memorysetup-bucket-allocator-bucket-count=8"
    "memorysetup-bucket-allocator-block-size=33554432"
    "memorysetup-bucket-allocator-block-count=8"
    "memorysetup-main-allocator-block-size=16777216"
    "memorysetup-thread-allocator-block-size=16777216"
    "memorysetup-gfx-main-allocator-block-size=16777216"
    "memorysetup-gfx-thread-allocator-block-size=16777216"
    "memorysetup-cache-allocator-block-size=4194304"
    "memorysetup-typetree-allocator-block-size=2097152"
    "memorysetup-profiler-bucket-allocator-granularity=16"
    "memorysetup-profiler-bucket-allocator-bucket-count=8"
    "memorysetup-profiler-bucket-allocator-block-size=33554432"
    "memorysetup-profiler-bucket-allocator-block-count=8"
    "memorysetup-profiler-allocator-block-size=16777216"
    "memorysetup-profiler-editor-allocator-block-size=1048576"
    "memorysetup-temp-allocator-size-main=16777216"
    "memorysetup-job-temp-allocator-block-size=2097152"
    "memorysetup-job-temp-allocator-block-size-background=1048576"
    "memorysetup-job-temp-allocator-reduction-small-platforms=262144"
    "memorysetup-allocator-temp-initial-block-size-main=262144"
    "memorysetup-allocator-temp-initial-block-size-worker=262144"
    "memorysetup-temp-allocator-size-background-worker=32768"
    "memorysetup-temp-allocator-size-job-worker=262144"
    "memorysetup-temp-allocator-size-preload-manager=33554432"
    "memorysetup-temp-allocator-size-nav-mesh-worker=65536"
    "memorysetup-temp-allocator-size-audio-worker=65536"
    "memorysetup-temp-allocator-size-cloud-worker=32768"
    "memorysetup-temp-allocator-size-gi-baking-worker=262144"
    "memorysetup-temp-allocator-size-gfx=262144"
Player connection [5008]  Target information:

Player connection [5008]  * "[IP] 192.168.1.12 [Port] 0 [Flags] 2 [Guid] 602733190 [EditorId] 602733190 [Version] 1048832 [Id] WindowsEditor(7,DESKTOP-MO4GQR8) [Debug] 1 [PackageName] WindowsEditor [ProjectName] Editor" 

Player connection [5008] Host joined multi-casting on [225.0.0.222:54997]...
Player connection [5008] Host joined alternative multi-casting on [225.0.0.222:34997]...
[PhysX] Initialized MultithreadedTaskDispatcher with 12 workers.
Refreshing native plugins compatible for Editor in 8.09 ms, found 3 plugins.
Preloading 0 native plugins for Editor in 0.00 ms.
Initialize engine version: 2022.3.52f1 (1120fcb54228)
[Subsystems] Discovering subsystems at path D:/Unity/2022.3.52f1/Editor/Data/Resources/UnitySubsystems
[Subsystems] Discovering subsystems at path C:/Users/Adrien/Desktop/A-Bullet-for-One-of-Us/ABulletForOneOfUs/Assets
GfxDevice: creating device client; threaded=0; jobified=0
Direct3D:
    Version:  Direct3D 11.0 [level 11.1]
    Renderer: AMD Radeon RX 6750 XT (ID=0x73df)
    Vendor:   ATI
    VRAM:     12217 MB
    Driver:   32.0.12011.1036
Initialize mono
Mono path[0] = 'D:/Unity/2022.3.52f1/Editor/Data/Managed'
Mono path[1] = 'D:/Unity/2022.3.52f1/Editor/Data/MonoBleedingEdge/lib/mono/unityjit-win32'
Mono config path = 'D:/Unity/2022.3.52f1/Editor/Data/MonoBleedingEdge/etc'
Using monoOptions --debugger-agent=transport=dt_socket,embedding=1,server=y,suspend=n,address=127.0.0.1:56016
Begin MonoManager ReloadAssembly
Registering precompiled unity dll's ...
Register platform support module: D:/Unity/2022.3.52f1/Editor/Data/PlaybackEngines/WindowsStandaloneSupport/UnityEditor.WindowsStandalone.Extensions.dll
Registered in 0.003589 seconds.
- Loaded All Assemblies, in  0.371 seconds
Native extension for WindowsStandalone target not found
Mono: successfully reloaded assembly
- Finished resetting the current domain, in  0.264 seconds
Domain Reload Profiling: 635ms
	BeginReloadAssembly (107ms)
		ExecutionOrderSort (0ms)
		DisableScriptedObjects (0ms)
		BackupInstance (0ms)
		ReleaseScriptingObjects (0ms)
		CreateAndSetChildDomain (1ms)
	RebuildCommonClasses (34ms)
	RebuildNativeTypeToScriptingClass (11ms)
	initialDomainReloadingComplete (48ms)
	LoadAllAssembliesAndSetupDomain (170ms)
		LoadAssemblies (107ms)
		RebuildTransferFunctionScriptingTraits (0ms)
		AnalyzeDomain (167ms)
			TypeCache.Refresh (165ms)
				TypeCache.ScanAssembly (148ms)
			ScanForSourceGeneratedMonoScriptInfo (0ms)
			ResolveRequiredComponents (0ms)
	FinalizeReload (265ms)
		ReleaseScriptCaches (0ms)
		RebuildScriptCaches (0ms)
		SetupLoadedEditorAssemblies (217ms)
			LogAssemblyErrors (0ms)
			InitializePlatformSupportModulesInManaged (7ms)
			SetLoadedEditorAssemblies (7ms)
			RefreshPlugins (0ms)
			BeforeProcessingInitializeOnLoad (2ms)
			ProcessInitializeOnLoadAttributes (154ms)
			ProcessInitializeOnLoadMethodAttributes (47ms)
			AfterProcessingInitializeOnLoad (0ms)
			EditorAssembliesLoaded (0ms)
		ExecutionOrderSort2 (0ms)
		AwakeInstancesAfterBackupRestoration (0ms)
========================================================================
Worker process is ready to serve import requests
Caller must complete domain reload
Begin MonoManager ReloadAssembly
- Loaded All Assemblies, in  0.582 seconds
Native extension for WindowsStandalone target not found
Package Manager log level set to [2]
[Package Manager] Server::EnsureServerProcessIsRunning -- launch failed, reason: Unity was launched with the -noUpm command-line argument
[Package Manager] UpmClient::Send -- Unable to send message (not connected to UPM process).
[Package Manager] Cannot connect to Unity Package Manager local server
Mono: successfully reloaded assembly
- Finished resetting the current domain, in  0.734 seconds
Domain Reload Profiling: 1315ms
	BeginReloadAssembly (149ms)
		ExecutionOrderSort (0ms)
		DisableScriptedObjects (5ms)
		BackupInstance (0ms)
		ReleaseScriptingObjects (0ms)
		CreateAndSetChildDomain (23ms)
	RebuildCommonClasses (31ms)
	RebuildNativeTypeToScriptingClass (12ms)
	initialDomainReloadingComplete (34ms)
	LoadAllAssembliesAndSetupDomain (355ms)
		LoadAssemblies (268ms)
		RebuildTransferFunctionScriptingTraits (0ms)
		AnalyzeDomain (177ms)
			TypeCache.Refresh (157ms)
				TypeCache.ScanAssembly (144ms)
			ScanForSourceGeneratedMonoScriptInfo (14ms)
			ResolveRequiredComponents (5ms)
	FinalizeReload (734ms)
		ReleaseScriptCaches (0ms)
		RebuildScriptCaches (0ms)
		SetupLoadedEditorAssemblies (608ms)
			LogAssemblyErrors (0ms)
			InitializePlatformSupportModulesInManaged (4ms)
			SetLoadedEditorAssemblies (4ms)
			RefreshPlugins (0ms)
			BeforeProcessingInitializeOnLoad (54ms)
			ProcessInitializeOnLoadAttributes (524ms)
			ProcessInitializeOnLoadMethodAttributes (18ms)
			AfterProcessingInitializeOnLoad (2ms)
			EditorAssembliesLoaded (0ms)
		ExecutionOrderSort2 (0ms)
		AwakeInstancesAfterBackupRestoration (5ms)
Launched and connected shader compiler UnityShaderCompiler.exe after 0.06 seconds
Refreshing native plugins compatible for Editor in 3.44 ms, found 3 plugins.
Preloading 0 native plugins for Editor in 0.00 ms.
Unloading 3093 Unused Serialized files (Serialized files now loaded: 0)
Unloading 19 unused Assets / (54.9 KB). Loaded Objects now: 3559.
Memory consumption went from 118.0 MB to 117.9 MB.
Total: 2.923800 ms (FindLiveObjects: 0.218800 ms CreateObjectMapping: 0.216700 ms MarkObjects: 2.412700 ms  DeleteObjects: 0.075200 ms)

AssetImportParameters requested are different than current active one (requested -> active):
  custom:container-demuxer-ogg: 62fdf1f143b41e24485cea50d1cbac27 -> 
  custom:video-decoder-ogg-theora: a1e56fd34408186e4bbccfd4996cb3dc -> 
  custom:framework-win-MediaFoundation: 216162199b28c13a410421893ffa2e32 -> 
  custom:CustomObjectIndexerAttribute: 9a22284fe3817be447336de3de66b15e -> 
  custom:container-demuxer-webm: 4f35f7cbe854078d1ac9338744f61a02 -> 
  custom:container-muxer-webm: aa71ff27fc2769a1b78a27578f13a17b -> 
  custom:video-decoder-webm-vp8: 9c59270c3fd7afecdb556c50c9e8de78 -> 
  custom:SearchIndexIgnoredProperties: e643bd26f0fe6173181afceb89e7c659 -> 
  custom:AudioImporter_EditorPlatform: d09bf68614088b80899f8185d706f6e7 -> 
  custom:video-encoder-webm-vp8: eb34c28f22e8b96e1ab97ce403110664 -> 
  custom:audio-decoder-ogg-vorbis: bf7c407c2cedff20999df2af8eb42d56 -> 
  custom:audio-encoder-webm-vorbis: bf7c407c2cedff20999df2af8eb42d56 -> 
========================================================================
Received Prepare
Caller must complete domain reload
Begin MonoManager ReloadAssembly
IOException: Sharing violation on path C:\Users\Adrien\Desktop\A-Bullet-for-One-of-Us\ABulletForOneOfUs\ProjectSettings\Packages\com.unity.testtools.codecoverage\Settings.json
  at System.IO.FileStream..ctor (System.String path, System.IO.FileMode mode, System.IO.FileAccess access, System.IO.FileShare share, System.Int32 bufferSize, System.Boolean anonymous, System.IO.FileOptions options) [0x0019e] in <1fd52158108c4fe3a6817b50854eb75e>:0 
  at System.IO.FileStream..ctor (System.String path, System.IO.FileMode mode, System.IO.FileAccess access, System.IO.FileShare share, System.Int32 bufferSize, System.IO.FileOptions options) [0x00000] in <1fd52158108c4fe3a6817b50854eb75e>:0 
  at (wrapper remoting-invoke-with-check) System.IO.FileStream..ctor(string,System.IO.FileMode,System.IO.FileAccess,System.IO.FileShare,int,System.IO.FileOptions)
  at System.IO.StreamWriter..ctor (System.String path, System.Boolean append, System.Text.Encoding encoding, System.Int32 bufferSize) [0x00055] in <1fd52158108c4fe3a6817b50854eb75e>:0 
  at System.IO.StreamWriter..ctor (System.String path) [0x00008] in <1fd52158108c4fe3a6817b50854eb75e>:0 
  at (wrapper remoting-invoke-with-check) System.IO.StreamWriter..ctor(string)
  at System.IO.File.WriteAllText (System.String path, System.String contents) [0x00026] in <1fd52158108c4fe3a6817b50854eb75e>:0 
  at UnityEditor.SettingsManagement.FileSettingsRepository.Save () [0x000e2] in .\Library\PackageCache\com.unity.settings-manager@2.0.1\Editor\FileSettingsRepository.cs:154 
  at UnityEditor.AssemblyReloadEvents.OnBeforeAssemblyReload () [0x00017] in <469754852eb24a9cb8057078ef3bc8b4>:0 

(Filename: ./Library/PackageCache/com.unity.settings-manager@2.0.1/Editor/FileSettingsRepository.cs Line: 154)

- Loaded All Assemblies, in  0.421 seconds
Native extension for WindowsStandalone target not found
[Package Manager] Server::EnsureServerProcessIsRunning -- launch failed, reason: Unity was launched with the -noUpm command-line argument
[Package Manager] UpmClient::Send -- Unable to send message (not connected to UPM process).
[Package Manager] Cannot connect to Unity Package Manager local server
Mono: successfully reloaded assembly
- Finished resetting the current domain, in  1.013 seconds
Domain Reload Profiling: 1432ms
	BeginReloadAssembly (163ms)
		ExecutionOrderSort (0ms)
		DisableScriptedObjects (4ms)
		BackupInstance (0ms)
		ReleaseScriptingObjects (0ms)
		CreateAndSetChildDomain (36ms)
	RebuildCommonClasses (30ms)
	RebuildNativeTypeToScriptingClass (11ms)
	initialDomainReloadingComplete (24ms)
	LoadAllAssembliesAndSetupDomain (191ms)
		LoadAssemblies (257ms)
		RebuildTransferFunctionScriptingTraits (0ms)
		AnalyzeDomain (20ms)
			TypeCache.Refresh (8ms)
				TypeCache.ScanAssembly (0ms)
			ScanForSourceGeneratedMonoScriptInfo (6ms)
			ResolveRequiredComponents (5ms)
	FinalizeReload (1014ms)
		ReleaseScriptCaches (0ms)
		RebuildScriptCaches (0ms)
		SetupLoadedEditorAssemblies (590ms)
			LogAssemblyErrors (0ms)
			InitializePlatformSupportModulesInManaged (4ms)
			SetLoadedEditorAssemblies (2ms)
			RefreshPlugins (0ms)
			BeforeProcessingInitializeOnLoad (56ms)
			ProcessInitializeOnLoadAttributes (507ms)
			ProcessInitializeOnLoadMethodAttributes (19ms)
			AfterProcessingInitializeOnLoad (2ms)
			EditorAssembliesLoaded (0ms)
		ExecutionOrderSort2 (0ms)
		AwakeInstancesAfterBackupRestoration (6ms)
Refreshing native plugins compatible for Editor in 4.48 ms, found 3 plugins.
Preloading 0 native plugins for Editor in 0.00 ms.
Unloading 3087 Unused Serialized files (Serialized files now loaded: 0)
Unloading 14 unused Assets / (28.5 KB). Loaded Objects now: 3563.
Memory consumption went from 118.7 MB to 118.7 MB.
Total: 2.633800 ms (FindLiveObjects: 0.244800 ms CreateObjectMapping: 0.198900 ms MarkObjects: 2.158500 ms  DeleteObjects: 0.031000 ms)

Prepare: number of updated asset objects reloaded= 0
AssetImportParameters requested are different than current active one (requested -> active):
  custom:container-demuxer-ogg: 62fdf1f143b41e24485cea50d1cbac27 -> 
  custom:scripting/monoscript/fileName/SceneViewText.cs: 726503aa391bd44d236b670e06361b9d -> 
  custom:video-decoder-ogg-theora: a1e56fd34408186e4bbccfd4996cb3dc -> 
  custom:framework-win-MediaFoundation: 216162199b28c13a410421893ffa2e32 -> 
  custom:CustomObjectIndexerAttribute: 9a22284fe3817be447336de3de66b15e -> 
  custom:container-demuxer-webm: 4f35f7cbe854078d1ac9338744f61a02 -> 
  custom:container-muxer-webm: aa71ff27fc2769a1b78a27578f13a17b -> 
  custom:video-decoder-webm-vp8: 9c59270c3fd7afecdb556c50c9e8de78 -> 
  custom:SearchIndexIgnoredProperties: e643bd26f0fe6173181afceb89e7c659 -> 
  custom:AudioImporter_EditorPlatform: d09bf68614088b80899f8185d706f6e7 -> 
  custom:video-encoder-webm-vp8: eb34c28f22e8b96e1ab97ce403110664 -> 
  custom:audio-decoder-ogg-vorbis: bf7c407c2cedff20999df2af8eb42d56 -> 
  custom:audio-encoder-webm-vorbis: bf7c407c2cedff20999df2af8eb42d56 -> 
  custom:scripting/precompiled-assembly-types:Assembly-CSharp: f56cfc23ec860cc717233122894f1b1f -> 
========================================================================
Received Prepare
Caller must complete domain reload
Begin MonoManager ReloadAssembly
- Loaded All Assemblies, in  0.401 seconds
Native extension for WindowsStandalone target not found
[Package Manager] Server::EnsureServerProcessIsRunning -- launch failed, reason: Unity was launched with the -noUpm command-line argument
[Package Manager] UpmClient::Send -- Unable to send message (not connected to UPM process).
[Package Manager] Cannot connect to Unity Package Manager local server
Mono: successfully reloaded assembly
- Finished resetting the current domain, in  1.010 seconds
Domain Reload Profiling: 1410ms
	BeginReloadAssembly (152ms)
		ExecutionOrderSort (0ms)
		DisableScriptedObjects (5ms)
		BackupInstance (0ms)
		ReleaseScriptingObjects (0ms)
		CreateAndSetChildDomain (31ms)
	RebuildCommonClasses (32ms)
	RebuildNativeTypeToScriptingClass (10ms)
	initialDomainReloadingComplete (22ms)
	LoadAllAssembliesAndSetupDomain (183ms)
		LoadAssemblies (250ms)
		RebuildTransferFunctionScriptingTraits (0ms)
		AnalyzeDomain (22ms)
			TypeCache.Refresh (7ms)
				TypeCache.ScanAssembly (0ms)
			ScanForSourceGeneratedMonoScriptInfo (6ms)
			ResolveRequiredComponents (7ms)
	FinalizeReload (1010ms)
		ReleaseScriptCaches (0ms)
		RebuildScriptCaches (0ms)
		SetupLoadedEditorAssemblies (591ms)
			LogAssemblyErrors (0ms)
			InitializePlatformSupportModulesInManaged (5ms)
			SetLoadedEditorAssemblies (3ms)
			RefreshPlugins (0ms)
			BeforeProcessingInitializeOnLoad (69ms)
			ProcessInitializeOnLoadAttributes (494ms)
			ProcessInitializeOnLoadMethodAttributes (17ms)
			AfterProcessingInitializeOnLoad (2ms)
			EditorAssembliesLoaded (0ms)
		ExecutionOrderSort2 (0ms)
		AwakeInstancesAfterBackupRestoration (5ms)
Refreshing native plugins compatible for Editor in 3.28 ms, found 3 plugins.
Preloading 0 native plugins for Editor in 0.00 ms.
Unloading 3088 Unused Serialized files (Serialized files now loaded: 0)
Unloading 14 unused Assets / (28.4 KB). Loaded Objects now: 3567.
Memory consumption went from 118.7 MB to 118.7 MB.
Total: 2.510300 ms (FindLiveObjects: 0.205400 ms CreateObjectMapping: 0.169800 ms MarkObjects: 2.093500 ms  DeleteObjects: 0.040900 ms)

Prepare: number of updated asset objects reloaded= 0
AssetImportParameters requested are different than current active one (requested -> active):
  custom:container-demuxer-ogg: 62fdf1f143b41e24485cea50d1cbac27 -> 
  custom:scripting/monoscript/fileName/SceneViewText.cs: 726503aa391bd44d236b670e06361b9d -> 
  custom:video-decoder-ogg-theora: a1e56fd34408186e4bbccfd4996cb3dc -> 
  custom:framework-win-MediaFoundation: 216162199b28c13a410421893ffa2e32 -> 
  custom:CustomObjectIndexerAttribute: 9a22284fe3817be447336de3de66b15e -> 
  custom:container-demuxer-webm: 4f35f7cbe854078d1ac9338744f61a02 -> 
  custom:scripting/monoscript/fileName/Gun_rotation.cs: 96a150cf2b966bf5da568265610796f6 -> 
  custom:container-muxer-webm: aa71ff27fc2769a1b78a27578f13a17b -> 
  custom:video-decoder-webm-vp8: 9c59270c3fd7afecdb556c50c9e8de78 -> 
  custom:SearchIndexIgnoredProperties: e643bd26f0fe6173181afceb89e7c659 -> 
  custom:AudioImporter_EditorPlatform: d09bf68614088b80899f8185d706f6e7 -> 
  custom:video-encoder-webm-vp8: eb34c28f22e8b96e1ab97ce403110664 -> 
  custom:audio-decoder-ogg-vorbis: bf7c407c2cedff20999df2af8eb42d56 -> 
  custom:audio-encoder-webm-vorbis: bf7c407c2cedff20999df2af8eb42d56 -> 
  custom:scripting/precompiled-assembly-types:Assembly-CSharp: c14a812989594c99aae2e6c6957e6521 -> 
========================================================================
Received Prepare
Caller must complete domain reload
Begin MonoManager ReloadAssembly
- Loaded All Assemblies, in  0.420 seconds
Native extension for WindowsStandalone target not found
[Package Manager] Server::EnsureServerProcessIsRunning -- launch failed, reason: Unity was launched with the -noUpm command-line argument
[Package Manager] UpmClient::Send -- Unable to send message (not connected to UPM process).
[Package Manager] Cannot connect to Unity Package Manager local server
Mono: successfully reloaded assembly
- Finished resetting the current domain, in  1.014 seconds
Domain Reload Profiling: 1433ms
	BeginReloadAssembly (164ms)
		ExecutionOrderSort (0ms)
		DisableScriptedObjects (7ms)
		BackupInstance (0ms)
		ReleaseScriptingObjects (0ms)
		CreateAndSetChildDomain (37ms)
	RebuildCommonClasses (31ms)
	RebuildNativeTypeToScriptingClass (11ms)
	initialDomainReloadingComplete (27ms)
	LoadAllAssembliesAndSetupDomain (187ms)
		LoadAssemblies (257ms)
		RebuildTransferFunctionScriptingTraits (0ms)
		AnalyzeDomain (21ms)
			TypeCache.Refresh (8ms)
				TypeCache.ScanAssembly (1ms)
			ScanForSourceGeneratedMonoScriptInfo (7ms)
			ResolveRequiredComponents (5ms)
	FinalizeReload (1014ms)
		ReleaseScriptCaches (0ms)
		RebuildScriptCaches (0ms)
		SetupLoadedEditorAssemblies (602ms)
			LogAssemblyErrors (0ms)
			InitializePlatformSupportModulesInManaged (4ms)
			SetLoadedEditorAssemblies (3ms)
			RefreshPlugins (0ms)
			BeforeProcessingInitializeOnLoad (52ms)
			ProcessInitializeOnLoadAttributes (523ms)
			ProcessInitializeOnLoadMethodAttributes (18ms)
			AfterProcessingInitializeOnLoad (2ms)
			EditorAssembliesLoaded (0ms)
		ExecutionOrderSort2 (0ms)
		AwakeInstancesAfterBackupRestoration (5ms)
Refreshing native plugins compatible for Editor in 3.35 ms, found 3 plugins.
Preloading 0 native plugins for Editor in 0.00 ms.
Unloading 3122 Unused Serialized files (Serialized files now loaded: 0)
Unloading 16 unused Assets / (93.8 KB). Loaded Objects now: 3602.
Memory consumption went from 120.1 MB to 120.0 MB.
Total: 3.170800 ms (FindLiveObjects: 0.249000 ms CreateObjectMapping: 0.205000 ms MarkObjects: 2.619100 ms  DeleteObjects: 0.096900 ms)

Prepare: number of updated asset objects reloaded= 0
AssetImportParameters requested are different than current active one (requested -> active):
  custom:scripting/monoscript/fileName/EditorWindowSharedTools.cs: 3cf79dd1f406a8b8a5df31256cd0b8f8 -> 
  custom:container-demuxer-ogg: 62fdf1f143b41e24485cea50d1cbac27 -> 
  custom:scripting/monoscript/fileName/AudioCollectionEditorWindow.cs: 9f4f00eb2f555b127ff5e9f8027474f7 -> 
  custom:scripting/monoscript/fileName/SceneViewText.cs: 726503aa391bd44d236b670e06361b9d -> 
  custom:scripting/monoscript/fileName/SG_DynamicMusicVolumeSlider.cs: a9bc49c57ad36e78ce8c7d5f8afeab24 -> 
  custom:scripting/monoscript/fileName/AudioManager.cs: 2bf7b8a6c28fe3287e3b4d667b9040d4 -> 
  custom:video-decoder-ogg-theora: a1e56fd34408186e4bbccfd4996cb3dc -> 
  custom:framework-win-MediaFoundation: 216162199b28c13a410421893ffa2e32 -> 
  custom:scripting/monoscript/fileName/Music.cs: b6020716c7277401da4efd5bfae446ef -> 
  custom:scripting/monoscript/fileName/SG_DemoSound.cs: c7757681c15dc6f4dee20246ff8f7895 -> 
  custom:scripting/precompiled-assembly-types:SoundsGood.Editor: aa2edc71da0b9819b7c651f45634c1a8 -> 
  custom:scripting/monoscript/fileName/AudioCreatorEditorWindow.cs: 6766ae823036e93e297f05cc23b38865 -> 
  custom:scripting/monoscript/fileName/MusicDataCollection.cs: bbfd91dcb1dd0b8070a24582b5e56fc4 -> 
  custom:CustomObjectIndexerAttribute: 9a22284fe3817be447336de3de66b15e -> 
  custom:container-demuxer-webm: 4f35f7cbe854078d1ac9338744f61a02 -> 
  custom:scripting/monoscript/fileName/DynamicMusic.cs: 0f9764fa3e2e1884b4bd034687740971 -> 
  custom:scripting/monoscript/fileName/OutputManagerEditorWindow.cs: 638ede4f1a072fb70fe23f005ef00456 -> 
  custom:scripting/monoscript/fileName/SoundDataCollection.cs: bb25d40de05af68633c4d47b8abfcee4 -> 
  custom:scripting/monoscript/fileName/Sound.cs: 1bc9561f3a2a49f0bf20679e81434459 -> 
  custom:scripting/precompiled-assembly-types:SoundsGood.Domain: 57ff0c8b836997b0c1b2ac150e99592c -> 
  custom:scripting/monoscript/fileName/Gun_rotation.cs: 96a150cf2b966bf5da568265610796f6 -> 
  custom:container-muxer-webm: aa71ff27fc2769a1b78a27578f13a17b -> 
  custom:scripting/monoscript/fileName/EnumGenerator.cs: 520392da1581c27f701c46b37b4ab882 -> 
  custom:scripting/precompiled-assembly-types:SoundsGood.Demo: 36b82844b37b241f89c9a549d982c221 -> 
  custom:video-decoder-webm-vp8: 9c59270c3fd7afecdb556c50c9e8de78 -> 
  custom:scripting/monoscript/fileName/SG_GenericSlider.cs: 8bd7301c397c01e0218d9ec81c543a46 -> 
  custom:SearchIndexIgnoredProperties: e643bd26f0fe6173181afceb89e7c659 -> 
  custom:AudioImporter_EditorPlatform: d09bf68614088b80899f8185d706f6e7 -> 
  custom:scripting/monoscript/fileName/OutputData.cs: 6d30dcc0445fbcb8a8b5372f735b7d73 -> 
  custom:scripting/monoscript/fileName/Playlist.cs: 207213431934f61ffa01db889c6b1d04 -> 
  custom:scripting/monoscript/fileName/SG_DemoPlaylist.cs: 92cd0d801017f6a7c706b5166f6ad1ba -> 
  custom:scripting/monoscript/fileName/SG_OutputVolumeHandler.cs: 87ee40abb5e8b3da75076b6032e3dc2f -> 
  custom:scripting/monoscript/fileName/SG_DemoManager.cs: 47dd878a09385c163dc3f15f987b6db0 -> 
  custom:scripting/monoscript/fileName/SG_MusicZone.cs: 7092e5d2b116a9664527c7fd8328452a -> 
  custom:scripting/monoscript/fileName/SG_DemoDynamicMusic.cs: 7f43339e23ff776ecd75a550333a6b2a -> 
  custom:scripting/monoscript/fileName/AudioToolsLibrary.cs: 84eaf4b46adbd24c3f69c2093b9bd696 -> 
  custom:scripting/monoscript/fileName/GetStartedEditorWindow.cs: 45b59609b777f69f9e08f8c4790bfb75 -> 
  custom:scripting/monoscript/fileName/OutputCollection.cs: c04c1249f74871968be8cf60354ec8df -> 
  custom:video-encoder-webm-vp8: eb34c28f22e8b96e1ab97ce403110664 -> 
  custom:audio-decoder-ogg-vorbis: bf7c407c2cedff20999df2af8eb42d56 -> 
  custom:scripting/monoscript/fileName/SG_MusicZoneCustomEditor.cs: 02c9bbe09d3686ff919bb72a48180fcd -> 
  custom:scripting/monoscript/fileName/SourcePoolElement.cs: 05c53293d1c499e0cb65682cac4c4d65 -> 
  custom:audio-encoder-webm-vorbis: bf7c407c2cedff20999df2af8eb42d56 -> 
  custom:scripting/precompiled-assembly-types:SoundsGood.Application: 09b0cd41f74c2200d6b72ded102abbb1 -> 
  custom:scripting/monoscript/fileName/SG_DemoMusic.cs: 4b18a245a87b2723493575071fb68f46 -> 
  custom:scripting/monoscript/fileName/SoundData.cs: 8585ba1a36cadd2b1039b202aee23ae6 -> 
  custom:scripting/precompiled-assembly-types:Assembly-CSharp: c14a812989594c99aae2e6c6957e6521 -> 
========================================================================
Received Prepare
Caller must complete domain reload
Begin MonoManager ReloadAssembly
- Loaded All Assemblies, in  0.396 seconds
Native extension for WindowsStandalone target not found
[Package Manager] Server::EnsureServerProcessIsRunning -- launch failed, reason: Unity was launched with the -noUpm command-line argument
[Package Manager] UpmClient::Send -- Unable to send message (not connected to UPM process).
[Package Manager] Cannot connect to Unity Package Manager local server
Mono: successfully reloaded assembly
- Finished resetting the current domain, in  1.058 seconds
Domain Reload Profiling: 1453ms
	BeginReloadAssembly (146ms)
		ExecutionOrderSort (0ms)
		DisableScriptedObjects (5ms)
		BackupInstance (0ms)
		ReleaseScriptingObjects (0ms)
		CreateAndSetChildDomain (29ms)
	RebuildCommonClasses (32ms)
	RebuildNativeTypeToScriptingClass (10ms)
	initialDomainReloadingComplete (21ms)
	LoadAllAssembliesAndSetupDomain (185ms)
		LoadAssemblies (247ms)
		RebuildTransferFunctionScriptingTraits (0ms)
		AnalyzeDomain (22ms)
			TypeCache.Refresh (9ms)
				TypeCache.ScanAssembly (1ms)
			ScanForSourceGeneratedMonoScriptInfo (7ms)
			ResolveRequiredComponents (6ms)
	FinalizeReload (1058ms)
		ReleaseScriptCaches (0ms)
		RebuildScriptCaches (0ms)
		SetupLoadedEditorAssemblies (627ms)
			LogAssemblyErrors (0ms)
			InitializePlatformSupportModulesInManaged (5ms)
			SetLoadedEditorAssemblies (5ms)
			RefreshPlugins (0ms)
			BeforeProcessingInitializeOnLoad (68ms)
			ProcessInitializeOnLoadAttributes (523ms)
			ProcessInitializeOnLoadMethodAttributes (23ms)
			AfterProcessingInitializeOnLoad (4ms)
			EditorAssembliesLoaded (0ms)
		ExecutionOrderSort2 (0ms)
		AwakeInstancesAfterBackupRestoration (8ms)
Refreshing native plugins compatible for Editor in 3.57 ms, found 3 plugins.
Preloading 0 native plugins for Editor in 0.00 ms.
Unloading 3182 Unused Serialized files (Serialized files now loaded: 0)
Unloading 16 unused Assets / (93.9 KB). Loaded Objects now: 3665.
Memory consumption went from 121.2 MB to 121.2 MB.
Total: 3.100900 ms (FindLiveObjects: 0.239600 ms CreateObjectMapping: 0.245100 ms MarkObjects: 2.481900 ms  DeleteObjects: 0.133100 ms)

Prepare: number of updated asset objects reloaded= 0
AssetImportParameters requested are different than current active one (requested -> active):
  custom:scripting/monoscript/fileName/FrameratePanel.cs: e8de6f6b4952cffa623ea5fb3df6668a -> 
  custom:scripting/monoscript/fileName/ExampleCharacterCamera.cs: cd2ca6423fbfe377769fc14eacb2e3c4 -> 
  custom:scripting/monoscript/fileName/PauseStateHandler.cs: 14acff9d3c3458f79905bb5138cdc3c4 -> 
  custom:scripting/monoscript/fileName/EditorWindowSharedTools.cs: 3cf79dd1f406a8b8a5df31256cd0b8f8 -> 
  custom:container-demuxer-ogg: 62fdf1f143b41e24485cea50d1cbac27 -> 
  custom:scripting/monoscript/fileName/AudioCollectionEditorWindow.cs: 9f4f00eb2f555b127ff5e9f8027474f7 -> 
  custom:scripting/monoscript/fileName/ReadOnlyPropertyDrawer.cs: afce2f5ccf97a914ac200dedb82cc9b4 -> 
  custom:scripting/monoscript/fileName/SceneViewText.cs: 726503aa391bd44d236b670e06361b9d -> 
  custom:scripting/monoscript/fileName/SG_DynamicMusicVolumeSlider.cs: a9bc49c57ad36e78ce8c7d5f8afeab24 -> 
  custom:scripting/monoscript/fileName/KCCSettings.cs: d55935d076acd426723225fdd45f8bde -> 
  custom:scripting/monoscript/fileName/AudioManager.cs: 2bf7b8a6c28fe3287e3b4d667b9040d4 -> 
  custom:scripting/monoscript/fileName/MyPlayer.cs: 77deba9ef009953a2a3595a65be03083 -> 
  custom:video-decoder-ogg-theora: a1e56fd34408186e4bbccfd4996cb3dc -> 
  custom:scripting/monoscript/fileName/ExampleCharacterController.cs: 061606472fcf5f7e809f3f4cd2af8bc4 -> 
  custom:framework-win-MediaFoundation: 216162199b28c13a410421893ffa2e32 -> 
  custom:scripting/monoscript/fileName/Music.cs: b6020716c7277401da4efd5bfae446ef -> 
  custom:scripting/monoscript/fileName/KinematicCharacterMotorEditor.cs: b412289039b7d248fc42562d8e94a91e -> 
  custom:scripting/monoscript/fileName/SG_DemoSound.cs: c7757681c15dc6f4dee20246ff8f7895 -> 
  custom:scripting/precompiled-assembly-types:SoundsGood.Editor: aa2edc71da0b9819b7c651f45634c1a8 -> 
  custom:scripting/monoscript/fileName/AudioCreatorEditorWindow.cs: 6766ae823036e93e297f05cc23b38865 -> 
  custom:scripting/monoscript/fileName/MusicDataCollection.cs: bbfd91dcb1dd0b8070a24582b5e56fc4 -> 
  custom:CustomObjectIndexerAttribute: 9a22284fe3817be447336de3de66b15e -> 
  custom:container-demuxer-webm: 4f35f7cbe854078d1ac9338744f61a02 -> 
  custom:scripting/monoscript/fileName/DynamicMusic.cs: 0f9764fa3e2e1884b4bd034687740971 -> 
  custom:scripting/monoscript/fileName/ExampleMovingPlatform.cs: 2401513d43b62febc61b24e9194f3a26 -> 
  custom:scripting/monoscript/fileName/OutputManagerEditorWindow.cs: 638ede4f1a072fb70fe23f005ef00456 -> 
  custom:scripting/monoscript/fileName/ExamplePlayer.cs: d4ad481cf668130ce4f703a9a25c9d4a -> 
  custom:scripting/monoscript/fileName/SoundDataCollection.cs: bb25d40de05af68633c4d47b8abfcee4 -> 
  custom:scripting/monoscript/fileName/ICharacterController.cs: 396e6cd62c2b51438db9279f98575edf -> 
  custom:scripting/monoscript/fileName/Sound.cs: 1bc9561f3a2a49f0bf20679e81434459 -> 
  custom:scripting/monoscript/fileName/KinematicCharacterMotor.cs: 7abadb99cd5a35acb0f92e1c2861187e -> 
  custom:scripting/precompiled-assembly-types:SoundsGood.Domain: 57ff0c8b836997b0c1b2ac150e99592c -> 
  custom:scripting/monoscript/fileName/Gun_rotation.cs: 96a150cf2b966bf5da568265610796f6 -> 
  custom:container-muxer-webm: aa71ff27fc2769a1b78a27578f13a17b -> 
  custom:scripting/monoscript/fileName/EnumGenerator.cs: 520392da1581c27f701c46b37b4ab882 -> 
  custom:scripting/precompiled-assembly-types:SoundsGood.Demo: 36b82844b37b241f89c9a549d982c221 -> 
  custom:scripting/monoscript/fileName/StressTestManager.cs: acd16b505ea60f63f6333d14ffbd3164 -> 
  custom:video-decoder-webm-vp8: 9c59270c3fd7afecdb556c50c9e8de78 -> 
  custom:scripting/monoscript/fileName/SG_GenericSlider.cs: 8bd7301c397c01e0218d9ec81c543a46 -> 
  custom:scripting/monoscript/fileName/ExampleAIController.cs: cd326ad64c0f78331ba063c38dd37c4b -> 
  custom:SearchIndexIgnoredProperties: e643bd26f0fe6173181afceb89e7c659 -> 
  custom:scripting/monoscript/fileName/PhysicsMover.cs: 072838628911965d889ea80b88a08759 -> 
  custom:scripting/monoscript/fileName/KinematicCharacterSystem.cs: ad6c06b7e0a84bff00c79168b92da11c -> 
  custom:AudioImporter_EditorPlatform: d09bf68614088b80899f8185d706f6e7 -> 
  custom:scripting/monoscript/fileName/Teleporter.cs: f41f01aff98b9258db7be9922234250b -> 
  custom:scripting/monoscript/fileName/OutputData.cs: 6d30dcc0445fbcb8a8b5372f735b7d73 -> 
  custom:scripting/monoscript/fileName/Playlist.cs: 207213431934f61ffa01db889c6b1d04 -> 
  custom:scripting/monoscript/fileName/SG_DemoPlaylist.cs: 92cd0d801017f6a7c706b5166f6ad1ba -> 
  custom:scripting/monoscript/fileName/SG_OutputVolumeHandler.cs: 87ee40abb5e8b3da75076b6032e3dc2f -> 
  custom:scripting/monoscript/fileName/SG_DemoManager.cs: 47dd878a09385c163dc3f15f987b6db0 -> 
  custom:scripting/monoscript/fileName/ReadOnlyAttribute.cs: 96764eaba00605562c1b45285314cfbd -> 
  custom:scripting/monoscript/fileName/SG_MusicZone.cs: 7092e5d2b116a9664527c7fd8328452a -> 
  custom:scripting/monoscript/fileName/IMoverController.cs: e20db6755f849a3fa83f14c701551de0 -> 
  custom:scripting/monoscript/fileName/SG_DemoDynamicMusic.cs: 7f43339e23ff776ecd75a550333a6b2a -> 
  custom:scripting/monoscript/fileName/AudioToolsLibrary.cs: 84eaf4b46adbd24c3f69c2093b9bd696 -> 
  custom:scripting/monoscript/fileName/GetStartedEditorWindow.cs: 45b59609b777f69f9e08f8c4790bfb75 -> 
  custom:scripting/monoscript/fileName/OutputCollection.cs: c04c1249f74871968be8cf60354ec8df -> 
  custom:scripting/monoscript/fileName/PlanetManager.cs: f8d313b4ac34bf0728e8605cf244c91e -> 
  custom:video-encoder-webm-vp8: eb34c28f22e8b96e1ab97ce403110664 -> 
  custom:audio-decoder-ogg-vorbis: bf7c407c2cedff20999df2af8eb42d56 -> 
  custom:scripting/monoscript/fileName/BuildManager.cs: aa4749ab7220c6aa42864632abb386d4 -> 
  custom:scripting/monoscript/fileName/SG_MusicZoneCustomEditor.cs: 02c9bbe09d3686ff919bb72a48180fcd -> 
  custom:scripting/monoscript/fileName/SourcePoolElement.cs: 05c53293d1c499e0cb65682cac4c4d65 -> 
  custom:scripting/monoscript/fileName/MyCharacterController.cs: 2bf9295a63e8adac4663c1b619046056 -> 
  custom:scripting/monoscript/fileName/MyMovingPlatform.cs: 19346c0229a17a2e718796ce6b99cf2a -> 
  custom:scripting/monoscript/fileName/PrefabLauncher.cs: b4b0c66fef61090988a9cc1b7cdb0803 -> 
  custom:audio-encoder-webm-vorbis: bf7c407c2cedff20999df2af8eb42d56 -> 
  custom:scripting/precompiled-assembly-types:Assembly-CSharp-Editor: 255329e3280245d076b248571391cc34 -> 
  custom:scripting/monoscript/fileName/PlayableMover.cs: 5c53a3094912916edf02d2756a18ab22 -> 
  custom:scripting/precompiled-assembly-types:SoundsGood.Application: 09b0cd41f74c2200d6b72ded102abbb1 -> 
  custom:scripting/monoscript/fileName/SG_DemoMusic.cs: 4b18a245a87b2723493575071fb68f46 -> 
  custom:scripting/monoscript/fileName/SoundData.cs: 8585ba1a36cadd2b1039b202aee23ae6 -> 
  custom:scripting/precompiled-assembly-types:Assembly-CSharp: 9897b1d530f4c48a862caf9fa495f303 -> 
  custom:scripting/monoscript/fileName/MyLadder.cs: f3f0198d4cfc7b1ad14ec0bf5e9e8a91 -> 
